TRAE_RTL 交互历史记录
生成时间: 2025-12-06

来源与范围:
- 来源: 当前仓库内的文档与本次协作会话内容；扫描 `.trae/documents/`、`PRD/`、`markdown/`；检查 `rtl/`、`scripts/`、`xlsx/`、`room/` 的演进痕迹
- 说明: 未发现独立的聊天日志文件（history/conversation/chat），以下记录整合了本次会话的交互内容与可验证的命令/片段；对更早时期（2025年6–7月）的聊天需另行导入外部日志

====== 2025-12-06（今天） ======

[18:00] 指令: 通过 GitHub REST API 创建公开仓库
- 内容: 所有者 `GinoZMYS`，仓库名 `trae-rtl`，公开，不初始化 README；返回 SSH `clone_url`
- 代码片段:
  curl -s -X POST https://api.github.com/user/repos \
    -H "Authorization: Bearer $GH_TOKEN" \
    -H "Accept: application/vnd.github+json" \
    -H "X-GitHub-Api-Version: 2022-11-28" \
    -d '{
      "name": "trae-rtl",
      "description": "TRAE_RTL 项目 - Protocol Arbiter RTL 代码与文档",
      "private": false,
      "auto_init": false
    }'
- 结果: SSH clone_url 规范形式: git@github.com:GinoZMYS/trae-rtl.git
- 备注: 若未配置 PAT，请创建 Classic token 并勾选 repo 权限

[18:20] 指令: 收集四个核心 RTL 文件的变更历史并形成 PRD
- 内容: `rtl/command_arbiter.sv`、`rtl/function_arbiter.sv`、`rtl/pre_all.sv`、`rtl/bp_if.sv`
- 命令:
  git log --follow --date=iso --pretty=format:'%H|%ad|%an|%s' -- rtl/command_arbiter.sv
  git log --follow --date=iso --pretty=format:'%H|%ad|%an|%s' -- rtl/function_arbiter.sv
  git log --follow --date=iso --pretty=format:'%H|%ad|%an|%s' -- rtl/pre_all.sv
  git log --follow --date=iso --pretty=format:'%H|%ad|%an|%s' -- rtl/bp_if.sv
- 结果: 形成 `PRD/核心RTL历史与注意事项_PRD.md` 的“变更历史”与“注意事项”章节

[19:00] 指令: 整理关键问题与解决方案（按分类）
- 内容: 技术问题（生成与Excel同步、端口一致性、QoS回退、HQoS下降沿）、协作流程（仓库与迁移、目录结构、大小写统一）、工具与环境（Python依赖、仿真流程、Excel版本管理）
- 结果: 写入 `PRD/核心RTL历史与注意事项_PRD.md` → 章节“关键问题与解决方案（按分类）”

[20:30] 指令: 扩充完整时间线，覆盖 2025年6月起的演进
- 内容: 检查目录与文件出生时间、房间快照、Excel版本序列、脚本与报告的演进
- 命令:
  ls -la
  find . -maxdepth 2 -type d -print | sort
  stat -f "%SB %N" -t "%Y-%m-%d %H:%M:%S" rtl/*.sv
  ls -la scripts; find scripts -maxdepth 2 -name "*.py" -print | sort
  ls -la markdown; find markdown -maxdepth 2 -name "*.md" -print | sort
  ls -la xlsx; find xlsx -maxdepth 2 -name "*.xlsx" -print | sort
  ls -la room; ls -la room/*
- 结果: 在 PRD 中新增 `## 6. 项目演进时间线（完整沟通记录）`，含 6–7月（推断）、8月（生成链路成型、首版RTL出生）、9月（比对与报告化）、12月（仓库化与PRD固化）

[20:50] 指令: 统一目录大小写与完善 README
- 结果: 记录到时间线（大小写统一、README补充），并在 PRD 的“关键决策”中固化

[21:05] 指令: 输出交互历史文件
- 内容: 将上述聊天交互、命令与片段汇总为 `PRD/history.log`
- 结果: 本文件创建完成

====== 2025年6–7月（说明） ======
- 未在仓库中发现直接聊天日志文件；根据后续产物的出生时间推断：
  - 6–7月完成需求梳理与生成方案设计（见 PRD “重要技术讨论记录”与 “时间线”）；涉及仲裁算法比较、Excel方案确定、SystemVerilog选型等
  - 若需补齐当期聊天，请导入 IM/邮件导出或原始文档记录

附：本次会话中的关键代码片段与命令（节选）

1) GitHub REST 创建仓库（PAT）
curl -s -X POST https://api.github.com/user/repos \
  -H "Authorization: Bearer $GH_TOKEN" \
  -H "Accept: application/vnd.github+json" \
  -H "X-GitHub-Api-Version: 2022-11-28" \
  -d '{"name":"trae-rtl","description":"TRAE_RTL 项目 - Protocol Arbiter RTL 代码与文档","private":false,"auto_init":false}'

2) 获取 SSH 地址
curl -s https://api.github.com/repos/GinoZMYS/trae-rtl \
  -H "Authorization: Bearer $GH_TOKEN" \
  -H "Accept: application/vnd.github+json" \
  -H "X-GitHub-Api-Version: 2022-11-28" | jq -r '.ssh_url'

3) 绑定远端与推送
git remote add origin git@github.com:GinoZMYS/trae-rtl.git
git push -u origin main

4) 提交历史查询（按文件）
git log --follow --date=iso --pretty=format:'%H|%ad|%an|%s' -- rtl/command_arbiter.sv
git log --follow --date=iso --pretty=format:'%H|%ad|%an|%s' -- rtl/function_arbiter.sv
git log --follow --date=iso --pretty=format:'%H|%ad|%an|%s' -- rtl/pre_all.sv
git log --follow --date=iso --pretty=format:'%H|%ad|%an|%s' -- rtl/bp_if.sv

5) 目录与文件出生时间检查
stat -f "%SB %N" -t "%Y-%m-%d %H:%M:%S" rtl/*.sv
stat -f "%SB %N" -t "%Y-%m-%d %H:%M:%S" scripts/*.py
stat -f "%SB %N" -t "%Y-%m-%d %H:%M:%S" markdown/*.md
stat -f "%SB %N" -t "%Y-%m-%d %H:%M:%S" xlsx/*.xlsx